#
# A fatal error has been detected by the Java Runtime Environment:
#
#  SIGSEGV (0xb) at pc=0x00fde278, pid=6542, tid=2705484656
#
# JRE version: Java(TM) SE Runtime Environment (7.0_67-b01) (build 1.7.0_67-b01)
# Java VM: Java HotSpot(TM) Client VM (24.65-b04 mixed mode linux-x86 )
# Problematic frame:
# V  [libjvm.so+0x503278]  interpretedVFrame::monitors() const+0x158
#
# Failed to write core dump. Core dumps have been disabled. To enable core dumping, try "ulimit -c unlimited" before starting Java again
#
# If you would like to submit a bug report, please visit:
#   http://bugreport.sun.com/bugreport/crash.jsp
#

---------------  T H R E A D  ---------------

Current thread (0x08375400):  JavaThread "JDWP Transport Listener: dt_socket" daemon [_thread_in_vm, id=6558, stack(0xa13d6000,0xa1427000)]

siginfo:si_signo=SIGSEGV: si_errno=0, si_code=2 (SEGV_ACCERR), si_addr=0xb7756ffc

Registers:
EAX=0xa1882248, EBX=0x0107a8a4, ECX=0x00000000, EDX=0xb7756ff8
ESP=0xa1425b50, EBP=0xa1425be8, ESI=0x083759ac, EDI=0xa1425bac
EIP=0x00fde278, EFLAGS=0x00210202, CR2=0xb7756ffc

Top of Stack: (sp=0xa1425b50)
0xa1425b50:   00000005 08375b30 a1425b94 a1425b94
0xa1425b60:   08375994 ffffffff 00000006 ffffffff
0xa1425b70:   08462770 b7756ff8 a11b8010 b77a4038
0xa1425b80:   b55b9287 b55b8908 00000000 b77a4068
0xa1425b90:   b77a4048 b77a4038 b55b9287 b55b8908
0xa1425ba0:   00000000 b77a4068 b77a4048 b77a4038
0xa1425bb0:   b55b9287 b55b8908 00000000 b77a4068
0xa1425bc0:   b77a4048 b77a4038 b55b9287 b55b8908 

Instructions: (pc=0x00fde278)
0x00fde258:   85 70 ff ff ff 89 85 74 ff ff ff 50 e8 67 f6 d0
0x00fde268:   ff 83 c4 10 39 45 8c 0f 82 0b 01 00 00 8b 55 8c
0x00fde278:   8b 7a 04 50 50 6a 00 6a 10 e8 ea fa f4 ff 83 c4
0x00fde288:   10 89 45 88 85 c0 74 17 89 38 c7 40 08 00 00 00 

Register to memory mapping:

EAX=0xa1882248 is an oop
java.lang.UnsupportedOperationException 
 - klass: 'java/lang/UnsupportedOperationException'
EBX=0x0107a8a4: <offset 0x59f8a4> in /root/.jenv/candidates/java/1.7.0_67/jre/lib/i386/client/libjvm.so at 0x00adb000
ECX=0x00000000 is an unknown value
EDX=0xb7756ff8 is pointing into the stack for thread: 0x08304000
ESP=0xa1425b50 is pointing into the stack for thread: 0x08375400
EBP=0xa1425be8 is pointing into the stack for thread: 0x08375400
ESI=0x083759ac is an unknown value
EDI=0xa1425bac is pointing into the stack for thread: 0x08375400


Stack: [0xa13d6000,0xa1427000],  sp=0xa1425b50,  free space=318k
Native frames: (J=compiled Java code, j=interpreted, Vv=VM code, C=native code)
V  [libjvm.so+0x503278]  interpretedVFrame::monitors() const+0x158
V  [libjvm.so+0x35d9f5]  JvmtiEnvBase::get_locked_objects_in_frame(JavaThread*, JavaThread*, javaVFrame*, GrowableArray<_jvmtiMonitorStackDepthInfo*>*, int)+0x55
V  [libjvm.so+0x35f1fa]  JvmtiEnvBase::get_owned_monitors(JavaThread*, JavaThread*, GrowableArray<_jvmtiMonitorStackDepthInfo*>*)+0xfa
V  [libjvm.so+0x35550a]  JvmtiEnv::GetOwnedMonitorInfo(JavaThread*, int*, _jobject***)+0xba
V  [libjvm.so+0x35018f]  jvmti_GetOwnedMonitorInfo+0x29f
C  [libjdwp.so+0xa5f0]  ownedMonitors+0xd0
C  [libjdwp.so+0x12883]  debugLoop_run+0x303
C  [libjdwp.so+0x26fdf]  connectionInitiated+0xbf
C  [libjdwp.so+0x27020]  attachThread+0x30
V  [libjvm.so+0x36f23c]  JvmtiAgentThread::call_start_function()+0x9c
V  [libjvm.so+0x4d8049]  JavaThread::thread_main_inner()+0x109
V  [libjvm.so+0x4d81a3]  JavaThread::run()+0x123
V  [libjvm.so+0x40a5a9]  java_start(Thread*)+0x119
C  [libpthread.so.0+0x596e]  start_thread+0xbe


---------------  P R O C E S S  ---------------

Java Threads: ( => current thread )
  0x08383800 JavaThread "Service Thread" daemon [_thread_blocked, id=6564, stack(0xa1262000,0xa12b3000)]
  0x08382000 JavaThread "C1 CompilerThread0" daemon [_thread_blocked, id=6563, stack(0xa12b3000,0xa1334000)]
  0x08379800 JavaThread "JDWP Command Reader" daemon [_thread_in_native, id=6560, stack(0xa1334000,0xa1385000)]
  0x08377c00 JavaThread "JDWP Event Helper Thread" daemon [_thread_blocked, id=6559, stack(0xa1385000,0xa13d6000)]
=>0x08375400 JavaThread "JDWP Transport Listener: dt_socket" daemon [_thread_in_vm, id=6558, stack(0xa13d6000,0xa1427000)]
  0x0836b000 JavaThread "Signal Dispatcher" daemon [_thread_blocked, id=6554, stack(0xa1427000,0xa1478000)]
  0x08358400 JavaThread "Finalizer" daemon [_thread_blocked, id=6552, stack(0xa1478000,0xa14c9000)]
  0x08356c00 JavaThread "Reference Handler" daemon [_thread_blocked, id=6551, stack(0xa14c9000,0xa151a000)]
  0x08304000 JavaThread "main" [_thread_blocked, id=6544, stack(0xb7754000,0xb77a5000)]

Other Threads:
  0x08354400 VMThread [stack: 0xa151a000,0xa159b000] [id=6550]
  0x0838e800 WatcherThread [stack: 0xa11e1000,0xa1262000] [id=6565]

VM state:not at safepoint (normal execution)

VM Mutex/Monitor currently owned by a thread: None

Heap
 def new generation   total 4800K, used 613K [0xa1800000, 0xa1d30000, 0xa6c00000)
  eden space 4288K,  14% used [0xa1800000, 0xa1899650, 0xa1c30000)
  from space 512K,   0% used [0xa1c30000, 0xa1c30000, 0xa1cb0000)
  to   space 512K,   0% used [0xa1cb0000, 0xa1cb0000, 0xa1d30000)
 tenured generation   total 10752K, used 0K [0xa6c00000, 0xa7680000, 0xb1400000)
   the space 10752K,   0% used [0xa6c00000, 0xa6c00000, 0xa6c00200, 0xa7680000)
 compacting perm gen  total 12288K, used 1572K [0xb1400000, 0xb2000000, 0xb5400000)
   the space 12288K,  12% used [0xb1400000, 0xb15892c0, 0xb1589400, 0xb2000000)
No shared spaces configured.

Card table byte_map: [0xb5497000,0xb5536000] byte_map_base: 0xb4f8b000

Polling page: 0xb77b4000

Code Cache  [0xb55b6000, 0xb564e000, 0xb75b6000)
 total_blobs=130 nmethods=10 adapters=66 free_code_cache=32176Kb largest_free_block=32948224

Compilation events (10 events):
Event: 0.502 Thread 0x08382000    6             java.io.UnixFileSystem::normalize (75 bytes)
Event: 0.503 Thread 0x08382000 nmethod 6 0xb5647f48 code [0xb5648090, 0xb5648280]
Event: 0.503 Thread 0x08382000    7             java.lang.String::lastIndexOf (52 bytes)
Event: 0.503 Thread 0x08382000 nmethod 7 0xb5648548 code [0xb5648650, 0xb564876c]
Event: 0.503 Thread 0x08382000    8             sun.net.www.ParseUtil::encodePath (336 bytes)
Event: 0.504 Thread 0x08382000 nmethod 8 0xb5648848 code [0xb5648a10, 0xb56490c4]
Event: 0.504 Thread 0x08382000    9             java.lang.String::indexOf (166 bytes)
Event: 0.504 Thread 0x08382000 nmethod 9 0xb5649788 code [0xb56498a0, 0xb5649ad0]
Event: 0.541 Thread 0x08382000   10             java.lang.Object::<init> (1 bytes)
Event: 0.541 Thread 0x08382000 nmethod 10 0xb5649e08 code [0xb5649f00, 0xb5649f90]

GC Heap History (0 events):
No events

Deoptimization events (0 events):
No events

Internal exceptions (2 events):
Event: 0.137 Thread 0x08304000 Threw 0xa180f7c0 at /HUDSON/workspace/7u-2-build-linux-i586/jdk7u67/1368/hotspot/src/share/vm/prims/jni.cpp:3991
Event: 0.497 Thread 0x08304000 Threw 0xa1879610 at /HUDSON/workspace/7u-2-build-linux-i586/jdk7u67/1368/hotspot/src/share/vm/prims/jvm.cpp:1244

Events (10 events):
Event: 119.172 Executing VM operation: ChangeBreakpoints
Event: 119.172 Executing VM operation: ChangeBreakpoints done
Event: 119.185 Executing VM operation: EnterInterpOnlyMode
Event: 119.185 Executing VM operation: EnterInterpOnlyMode done
Event: 119.185 Executing VM operation: GetCurrentLocation
Event: 119.185 Executing VM operation: GetCurrentLocation done
Event: 119.185 Executing VM operation: ChangeSingleStep
Event: 119.185 Executing VM operation: ChangeSingleStep done
Event: 119.186 Executing VM operation: ChangeSingleStep
Event: 119.186 Executing VM operation: ChangeSingleStep done


Dynamic libraries:
00110000-00263000 r-xp 00000000 08:06 135661     /lib/tls/i686/cmov/libc-2.11.1.so
00263000-00264000 ---p 00153000 08:06 135661     /lib/tls/i686/cmov/libc-2.11.1.so
00264000-00266000 r--p 00153000 08:06 135661     /lib/tls/i686/cmov/libc-2.11.1.so
00266000-00267000 rw-p 00155000 08:06 135661     /lib/tls/i686/cmov/libc-2.11.1.so
00267000-0026a000 rw-p 00000000 00:00 0 
0026a000-0028e000 r-xp 00000000 08:06 135669     /lib/tls/i686/cmov/libm-2.11.1.so
0028e000-0028f000 r--p 00023000 08:06 135669     /lib/tls/i686/cmov/libm-2.11.1.so
0028f000-00290000 rw-p 00024000 08:06 135669     /lib/tls/i686/cmov/libm-2.11.1.so
00290000-00297000 r-xp 00000000 08:06 135691     /lib/tls/i686/cmov/librt-2.11.1.so
00297000-00298000 r--p 00006000 08:06 135691     /lib/tls/i686/cmov/librt-2.11.1.so
00298000-00299000 rw-p 00007000 08:06 135691     /lib/tls/i686/cmov/librt-2.11.1.so
00299000-002a4000 r-xp 00000000 08:06 529555     /root/.jenv/candidates/java/1.7.0_67/jre/lib/i386/libverify.so
002a4000-002a5000 rw-p 0000b000 08:06 529555     /root/.jenv/candidates/java/1.7.0_67/jre/lib/i386/libverify.so
002a5000-002a7000 r-xp 00000000 08:06 529552     /root/.jenv/candidates/java/1.7.0_67/jre/lib/i386/libnpt.so
002a7000-002a8000 rw-p 00002000 08:06 529552     /root/.jenv/candidates/java/1.7.0_67/jre/lib/i386/libnpt.so
002a8000-002bb000 r-xp 00000000 08:06 135672     /lib/tls/i686/cmov/libnsl-2.11.1.so
002bb000-002bc000 r--p 00012000 08:06 135672     /lib/tls/i686/cmov/libnsl-2.11.1.so
002bc000-002bd000 rw-p 00013000 08:06 135672     /lib/tls/i686/cmov/libnsl-2.11.1.so
002bd000-002bf000 rw-p 00000000 00:00 0 
002bf000-002c7000 r-xp 00000000 08:06 135682     /lib/tls/i686/cmov/libnss_nis-2.11.1.so
002c7000-002c8000 r--p 00007000 08:06 135682     /lib/tls/i686/cmov/libnss_nis-2.11.1.so
002c8000-002c9000 rw-p 00008000 08:06 135682     /lib/tls/i686/cmov/libnss_nis-2.11.1.so
002c9000-002d3000 r-xp 00000000 08:06 135678     /lib/tls/i686/cmov/libnss_files-2.11.1.so
002d3000-002d4000 r--p 00009000 08:06 135678     /lib/tls/i686/cmov/libnss_files-2.11.1.so
002d4000-002d5000 rw-p 0000a000 08:06 135678     /lib/tls/i686/cmov/libnss_files-2.11.1.so
002d5000-002ec000 r-xp 00000000 08:06 529580     /root/.jenv/candidates/java/1.7.0_67/jre/lib/i386/libzip.so
002ec000-002ed000 rw-p 00017000 08:06 529580     /root/.jenv/candidates/java/1.7.0_67/jre/lib/i386/libzip.so
0034a000-0034d000 r-xp 00000000 08:06 529587     /root/.jenv/candidates/java/1.7.0_67/jre/lib/i386/libdt_socket.so
0034d000-0034e000 rw-p 00003000 08:06 529587     /root/.jenv/candidates/java/1.7.0_67/jre/lib/i386/libdt_socket.so
00394000-0039a000 r-xp 00000000 08:06 135674     /lib/tls/i686/cmov/libnss_compat-2.11.1.so
0039a000-0039b000 r--p 00006000 08:06 135674     /lib/tls/i686/cmov/libnss_compat-2.11.1.so
0039b000-0039c000 rw-p 00007000 08:06 135674     /lib/tls/i686/cmov/libnss_compat-2.11.1.so
0050c000-00527000 r-xp 00000000 08:06 131265     /lib/ld-2.11.1.so
00527000-00528000 r--p 0001a000 08:06 131265     /lib/ld-2.11.1.so
00528000-00529000 rw-p 0001b000 08:06 131265     /lib/ld-2.11.1.so
0056f000-005a6000 r-xp 00000000 08:06 529585     /root/.jenv/candidates/java/1.7.0_67/jre/lib/i386/libjdwp.so
005a6000-005a7000 rw-p 00037000 08:06 529585     /root/.jenv/candidates/java/1.7.0_67/jre/lib/i386/libjdwp.so
00964000-00965000 r-xp 00000000 00:00 0          [vdso]
00992000-009b5000 r-xp 00000000 08:06 529592     /root/.jenv/candidates/java/1.7.0_67/jre/lib/i386/libjava.so
009b5000-009b6000 rw-p 00023000 08:06 529592     /root/.jenv/candidates/java/1.7.0_67/jre/lib/i386/libjava.so
009d9000-009ec000 r-xp 00000000 08:06 528347     /root/.jenv/candidates/java/1.7.0_67/lib/i386/jli/libjli.so
009ec000-009ed000 rw-p 00012000 08:06 528347     /root/.jenv/candidates/java/1.7.0_67/lib/i386/jli/libjli.so
00a73000-00a75000 r-xp 00000000 08:06 135667     /lib/tls/i686/cmov/libdl-2.11.1.so
00a75000-00a76000 r--p 00001000 08:06 135667     /lib/tls/i686/cmov/libdl-2.11.1.so
00a76000-00a77000 rw-p 00002000 08:06 135667     /lib/tls/i686/cmov/libdl-2.11.1.so
00ac2000-00ad7000 r-xp 00000000 08:06 135687     /lib/tls/i686/cmov/libpthread-2.11.1.so
00ad7000-00ad8000 r--p 00014000 08:06 135687     /lib/tls/i686/cmov/libpthread-2.11.1.so
00ad8000-00ad9000 rw-p 00015000 08:06 135687     /lib/tls/i686/cmov/libpthread-2.11.1.so
00ad9000-00adb000 rw-p 00000000 00:00 0 
00adb000-0106c000 r-xp 00000000 08:06 529584     /root/.jenv/candidates/java/1.7.0_67/jre/lib/i386/client/libjvm.so
0106c000-0108d000 rw-p 00591000 08:06 529584     /root/.jenv/candidates/java/1.7.0_67/jre/lib/i386/client/libjvm.so
0108d000-014ad000 rw-p 00000000 00:00 0 
08048000-08049000 r-xp 00000000 08:06 528891     /root/.jenv/candidates/java/1.7.0_67/bin/java
08049000-0804a000 rw-p 00000000 08:06 528891     /root/.jenv/candidates/java/1.7.0_67/bin/java
082f3000-0848b000 rw-p 00000000 00:00 0          [heap]
a106b000-a11e1000 rw-p 00000000 00:00 0 
a11e1000-a11e2000 ---p 00000000 00:00 0 
a11e2000-a1262000 rw-p 00000000 00:00 0 
a1262000-a1265000 ---p 00000000 00:00 0 
a1265000-a12b3000 rw-p 00000000 00:00 0 
a12b3000-a12b6000 ---p 00000000 00:00 0 
a12b6000-a1334000 rw-p 00000000 00:00 0 
a1334000-a1337000 ---p 00000000 00:00 0 
a1337000-a1385000 rw-p 00000000 00:00 0 
a1385000-a1388000 ---p 00000000 00:00 0 
a1388000-a13d6000 rw-p 00000000 00:00 0 
a13d6000-a13d9000 ---p 00000000 00:00 0 
a13d9000-a1427000 rw-p 00000000 00:00 0          [threadstack:0004d494]
a1427000-a142a000 ---p 00000000 00:00 0 
a142a000-a1478000 rw-p 00000000 00:00 0 
a1478000-a147b000 ---p 00000000 00:00 0 
a147b000-a14c9000 rw-p 00000000 00:00 0 
a14c9000-a14cc000 ---p 00000000 00:00 0 
a14cc000-a151a000 rw-p 00000000 00:00 0 
a151a000-a151b000 ---p 00000000 00:00 0 
a151b000-a15e6000 rw-p 00000000 00:00 0 
a15e6000-a17a5000 r--s 039e5000 08:06 529085     /root/.jenv/candidates/java/1.7.0_67/jre/lib/rt.jar
a17a5000-a1d30000 rw-p 00000000 00:00 0 
a1d30000-a6c00000 rw-p 00000000 00:00 0 
a6c00000-a7680000 rw-p 00000000 00:00 0 
a7680000-b1400000 rw-p 00000000 00:00 0 
b1400000-b2000000 rw-p 00000000 00:00 0 
b2000000-b5400000 rw-p 00000000 00:00 0 
b541e000-b5428000 rw-p 00000000 00:00 0 
b5428000-b5442000 rw-p 00000000 00:00 0 
b5442000-b5448000 rw-p 00000000 00:00 0 
b5448000-b5497000 rw-p 00000000 00:00 0 
b5497000-b549a000 rw-p 00000000 00:00 0 
b549a000-b54c1000 rw-p 00000000 00:00 0 
b54c1000-b54c7000 rw-p 00000000 00:00 0 
b54c7000-b5515000 rw-p 00000000 00:00 0 
b5515000-b551b000 rw-p 00000000 00:00 0 
b551b000-b5535000 rw-p 00000000 00:00 0 
b5535000-b5539000 rw-p 00000000 00:00 0 
b5539000-b55b6000 rw-p 00000000 00:00 0 
b55b6000-b564e000 rwxp 00000000 00:00 0 
b564e000-b75b6000 rw-p 00000000 00:00 0 
b75b6000-b75be000 rw-s 00000000 08:06 673842     /tmp/hsperfdata_root/6542
b75be000-b75fd000 r--p 00000000 08:06 427148     /usr/lib/locale/zh_CN.utf8/LC_CTYPE
b75fd000-b75fe000 r--p 00000000 08:06 144041     /usr/lib/locale/zh_CN.utf8/LC_NUMERIC
b75fe000-b75ff000 r--p 00000000 08:06 427273     /usr/lib/locale/zh_CN.utf8/LC_TIME
b75ff000-b7751000 r--p 00000000 08:06 427275     /usr/lib/locale/zh_CN.utf8/LC_COLLATE
b7751000-b7752000 r--p 00000000 08:06 427276     /usr/lib/locale/zh_CN.utf8/LC_MONETARY
b7752000-b7753000 r--p 00000000 08:06 427278     /usr/lib/locale/zh_CN.utf8/LC_MESSAGES/SYS_LC_MESSAGES
b7753000-b7754000 r--p 00000000 08:06 144081     /usr/lib/locale/zh_CN.utf8/LC_PAPER
b7754000-b7757000 ---p 00000000 00:00 0 
b7757000-b77a7000 rw-p 00000000 00:00 0 
b77a7000-b77a8000 r--p 00000000 08:06 427279     /usr/lib/locale/zh_CN.utf8/LC_NAME
b77a8000-b77a9000 r--p 00000000 08:06 427280     /usr/lib/locale/zh_CN.utf8/LC_ADDRESS
b77a9000-b77aa000 r--p 00000000 08:06 427281     /usr/lib/locale/zh_CN.utf8/LC_TELEPHONE
b77aa000-b77ab000 r--p 00000000 08:06 144077     /usr/lib/locale/zh_CN.utf8/LC_MEASUREMENT
b77ab000-b77b2000 r--s 00000000 08:06 142762     /usr/lib/gconv/gconv-modules.cache
b77b2000-b77b3000 r--p 00000000 08:06 427282     /usr/lib/locale/zh_CN.utf8/LC_IDENTIFICATION
b77b3000-b77b4000 rw-p 00000000 00:00 0 
b77b4000-b77b5000 r--p 00000000 00:00 0 
b77b5000-b77b7000 rw-p 00000000 00:00 0 
bfcd5000-bfcd6000 rwxp 00000000 00:00 0 
bfd12000-bfd29000 rw-p 00000000 00:00 0          [stack]

VM Arguments:
jvm_args: -agentlib:jdwp=transport=dt_socket,suspend=y,address=localhost:60263 -Dfile.encoding=UTF-8 
java_command: com.yeahmobi.rundemo.guavaexample.collections.ImmutableSample
Launcher Type: SUN_STANDARD

Environment Variables:
JAVA_HOME=/root/.jenv/candidates/java/current
PATH=/root/.jenv/bin:/root/.jenv/candidates/maven/current/bin:/root/.jenv/candidates/jetty/current/bin:/root/.jenv/candidates/java/current/bin:/usr/local/sbin:/usr/local/bin:/usr/sbin:/usr/bin:/sbin:/bin:/usr/games
USERNAME=root
LD_LIBRARY_PATH=/root/.jenv/candidates/java/1.7.0_67/jre/lib/i386/client:/root/.jenv/candidates/java/1.7.0_67/jre/lib/i386:
SHELL=/bin/bash
DISPLAY=:0.0

Signal Handlers:
SIGSEGV: [libjvm.so+0x50e2d0], sa_mask[0]=0x7ffbfeff, sa_flags=0x10000004
SIGBUS: [libjvm.so+0x50e2d0], sa_mask[0]=0x7ffbfeff, sa_flags=0x10000004
SIGFPE: [libjvm.so+0x404e80], sa_mask[0]=0x7ffbfeff, sa_flags=0x10000004
SIGPIPE: [libjvm.so+0x404e80], sa_mask[0]=0x7ffbfeff, sa_flags=0x10000004
SIGXFSZ: [libjvm.so+0x404e80], sa_mask[0]=0x7ffbfeff, sa_flags=0x10000004
SIGILL: [libjvm.so+0x404e80], sa_mask[0]=0x7ffbfeff, sa_flags=0x10000004
SIGUSR1: SIG_DFL, sa_mask[0]=0x00000000, sa_flags=0x00000000
SIGUSR2: [libjvm.so+0x406680], sa_mask[0]=0x00000004, sa_flags=0x10000004
SIGHUP: [libjvm.so+0x407980], sa_mask[0]=0x7ffbfeff, sa_flags=0x10000004
SIGINT: [libjvm.so+0x407980], sa_mask[0]=0x7ffbfeff, sa_flags=0x10000004
SIGTERM: [libjvm.so+0x407980], sa_mask[0]=0x7ffbfeff, sa_flags=0x10000004
SIGQUIT: [libjvm.so+0x407980], sa_mask[0]=0x7ffbfeff, sa_flags=0x10000004


---------------  S Y S T E M  ---------------

OS:squeeze/sid

uname:Linux 2.6.32-21-generic #32-Ubuntu SMP Fri Apr 16 08:10:02 UTC 2010 i686
libc:glibc 2.11.1 NPTL 2.11.1 
rlimit: STACK 8192k, CORE 0k, NPROC infinity, NOFILE 1024, AS infinity
load average:0.96 0.89 0.77

/proc/meminfo:
MemTotal:        1026508 kB
MemFree:          134012 kB
Buffers:            8896 kB
Cached:           167520 kB
SwapCached:        19204 kB
Active:           274172 kB
Inactive:         580344 kB
Active(anon):     217968 kB
Inactive(anon):   465492 kB
Active(file):      56204 kB
Inactive(file):   114852 kB
Unevictable:           0 kB
Mlocked:               0 kB
HighTotal:        139208 kB
HighFree:            252 kB
LowTotal:         887300 kB
LowFree:          133760 kB
SwapTotal:        655352 kB
SwapFree:         548528 kB
Dirty:               112 kB
Writeback:             0 kB
AnonPages:        663624 kB
Mapped:            36212 kB
Shmem:              5360 kB
Slab:              19480 kB
SReclaimable:      10184 kB
SUnreclaim:         9296 kB
KernelStack:        3456 kB
PageTables:         7256 kB
NFS_Unstable:          0 kB
Bounce:                0 kB
WritebackTmp:          0 kB
CommitLimit:     1168604 kB
Committed_AS:    2302976 kB
VmallocTotal:     122880 kB
VmallocUsed:       27016 kB
VmallocChunk:      90608 kB
HardwareCorrupted:     0 kB
HugePages_Total:       0
HugePages_Free:        0
HugePages_Rsvd:        0
HugePages_Surp:        0
Hugepagesize:       4096 kB
DirectMap4k:       12280 kB
DirectMap4M:      897024 kB


CPU:total 1 (2 cores per cpu, 1 threads per core) family 6 model 60 stepping 3, cmov, cx8, fxsr, mmx, sse, sse2, sse3, ssse3, sse4.1, sse4.2, popcnt, erms, tsc, tscinvbit

/proc/cpuinfo:
processor	: 0
vendor_id	: GenuineIntel
cpu family	: 6
model		: 60
model name	: Intel(R) Pentium(R) CPU G3240 @ 3.10GHz
stepping	: 3
cpu MHz		: 3092.068
cache size	: 6144 KB
fdiv_bug	: no
hlt_bug		: no
f00f_bug	: no
coma_bug	: no
fpu		: yes
fpu_exception	: yes
cpuid level	: 5
wp		: yes
flags		: fpu vme de pse tsc msr pae mce cx8 apic mtrr pge mca cmov pat pse36 clflush mmx fxsr sse sse2 rdtscp constant_tsc up pni monitor ssse3
bogomips	: 6184.13
clflush size	: 64
cache_alignment	: 64
address sizes	: 39 bits physical, 48 bits virtual
power management:



Memory: 4k page, physical 1026508k(134012k free), swap 655352k(548528k free)

vm_info: Java HotSpot(TM) Client VM (24.65-b04) for linux-x86 JRE (1.7.0_67-b01), built on Jul 25 2014 08:57:40 by "java_re" with gcc 4.3.0 20080428 (Red Hat 4.3.0-8)

time: Thu May 28 14:44:05 2015
elapsed time: 119 seconds

